<?xml version="1.0" encoding="UTF-8"?>
<!-- Generated by org.testng.reporters.JUnitReportReporter -->
<testsuite name="googleTest.TestngBasics" tests="6" time="0.016" ignored="0" failures="0" timestamp="21 Oct 2020 00:06:03 GMT" skipped="0" hostname="Kaushik-PC" errors="0">
  <testcase name="searchPage" time="0.004" classname="googleTest.TestngBasics"/>
  <testcase name="loginPage" time="0.001" classname="googleTest.TestngBasics"/>
  <testcase name="Test3" time="0.001" classname="googleTest.TestngBasics"/>
  <testcase name="Test1" time="0.004" classname="googleTest.TestngBasics"/>
  <testcase name="Test2" time="0.004" classname="googleTest.TestngBasics"/>
  <testcase name="homePage" time="0.002" classname="googleTest.TestngBasics"/>
</testsuite> <!-- googleTest.TestngBasics -->
