<?xml version="1.0" encoding="UTF-8"?>
<!-- Generated by org.testng.reporters.JUnitReportReporter -->
<testsuite name="googleTest.ExceptionTimeOut" tests="1" time="0.022" ignored="0" failures="0" timestamp="21 Oct 2020 00:06:03 GMT" skipped="0" hostname="Kaushik-PC" errors="0">
  <testcase name="test1" time="0.022" classname="googleTest.ExceptionTimeOut"/>
</testsuite> <!-- googleTest.ExceptionTimeOut -->
