<?xml version="1.0" encoding="UTF-8"?>
<!-- Generated by org.testng.reporters.JUnitReportReporter -->
<testsuite name="googleTest.GoogleTest" tests="5" time="50.075" ignored="0" failures="0" timestamp="21 Oct 2020 00:06:03 GMT" skipped="0" hostname="Kaushik-PC" errors="0">
  <testcase name="Test1" time="16.763" classname="googleTest.GoogleTest"/>
  <testcase name="getTitle" time="7.946" classname="googleTest.GoogleTest"/>
  <testcase name="Test2" time="8.552" classname="googleTest.GoogleTest"/>
  <testcase name="GamilTest" time="8.542" classname="googleTest.GoogleTest"/>
  <testcase name="googleLogoTest" time="8.272" classname="googleTest.GoogleTest"/>
</testsuite> <!-- googleTest.GoogleTest -->
