<?xml version="1.0" encoding="UTF-8"?>
<!-- Generated by org.testng.reporters.JUnitReportReporter -->
<testsuite name="demotestingtask.DemoTestigTask1" tests="1" time="14.034" ignored="0" failures="0" timestamp="23 Oct 2020 01:25:41 GMT" skipped="0" hostname="Kaushik-PC" errors="0">
  <testcase name="RegisterPage" time="14.034" classname="demotestingtask.DemoTestigTask1"/>
</testsuite> <!-- demotestingtask.DemoTestigTask1 -->
