<?xml version="1.0" encoding="UTF-8"?>
<!-- Generated by org.testng.reporters.JUnitReportReporter -->
<testsuite name="orangeHrmPages.LoginTestCase" tests="1" time="7.492" ignored="0" failures="0" timestamp="23 Feb 2020 01:58:11 GMT" skipped="0" hostname="Kaushik-PC" errors="0">
  <testcase name="setupBowser" time="7.492" classname="orangeHrmPages.LoginTestCase"/>
</testsuite> <!-- orangeHrmPages.LoginTestCase -->
