<?xml version="1.0" encoding="UTF-8"?>
<!-- Generated by org.testng.reporters.JUnitReportReporter -->
<testsuite name="googleTest.InvocationCountTest" tests="10" time="0.064" ignored="0" failures="0" timestamp="21 Oct 2020 00:09:04 GMT" skipped="0" hostname="Kaushik-PC" errors="0">
  <testcase name="testCount" time="0.035" classname="googleTest.InvocationCountTest"/>
  <testcase name="testCount" time="0.002" classname="googleTest.InvocationCountTest"/>
  <testcase name="testCount" time="0.002" classname="googleTest.InvocationCountTest"/>
  <testcase name="testCount" time="0.008" classname="googleTest.InvocationCountTest"/>
  <testcase name="testCount" time="0.003" classname="googleTest.InvocationCountTest"/>
  <testcase name="testCount" time="0.004" classname="googleTest.InvocationCountTest"/>
  <testcase name="testCount" time="0.003" classname="googleTest.InvocationCountTest"/>
  <testcase name="testCount" time="0.004" classname="googleTest.InvocationCountTest"/>
  <testcase name="testCount" time="0.001" classname="googleTest.InvocationCountTest"/>
  <testcase name="testCount" time="0.002" classname="googleTest.InvocationCountTest"/>
</testsuite> <!-- googleTest.InvocationCountTest -->
