<?xml version="1.0" encoding="UTF-8"?>
<!-- Generated by org.testng.reporters.JUnitReportReporter -->
<testsuite name="googleTest.TestNGFeatures" tests="3" time="0.003" ignored="0" failures="0" timestamp="21 Oct 2020 00:06:03 GMT" skipped="0" hostname="Kaushik-PC" errors="0">
  <testcase name="loginPage" time="0.001" classname="googleTest.TestNGFeatures"/>
  <testcase name="homePage" time="0.001" classname="googleTest.TestNGFeatures"/>
  <testcase name="searchPage" time="0.001" classname="googleTest.TestNGFeatures"/>
</testsuite> <!-- googleTest.TestNGFeatures -->
